     1                                  ;Calcula el valor aproximado de PI
     2                                  ;Utiliza las series Gregory-Leibniz, para lograrlo.
     3                                  
     4                                  ;Objetivo: Calcular PI
     5                                  ;Entradas: -------
     6                                  ;Salidas: el valor aproximado de PI, con presicion de decimales
     7                                  
     8                                  section .bss
     9                                  
    10 00000000 <res 00000002>          denominador resw 1
    11 00000002 <res 00000002>          numerador resw 1
    12                                  
    13                                  section .data
    14                                  
    15                                  ;denominador equ 1
    16                                  ;numerador equ 4
    17                                  
    18                                  section .text
    19                                  	;mov eax,1
    20                                  	global _start
    21                                  _start:
    22 00000000 66C705[00000000]01-     	mov word [denominador],1
    23 00000008 00                 
    24 00000009 66C705[02000000]04-     	mov word [numerador],4
    25 00000011 00                 
    26 00000012 DF05[00000000]          	fild word [denominador]
    27 00000018 DE3D[02000000]          	fidivr word [numerador]
    28                                  incremento:
    29 0000001E BB[00000000]            	mov ebx,denominador	;copia direccion de denominador en ebx
    30 00000023 66830302                	add word [ebx],2	;suma 2 al valor de denominador
    31                                  actualizar:	
    32 00000027 DF05[00000000]          	fild word [denominador] ;carga el nuevo denominador
    33 0000002D DE3D[02000000]          	fidivr word [numerador]	;divide el numerador entre el 
    34                                  							;denominador y lo guarda en el tope actual 
    35                                  							;de la pila
    36                                  sumar:
    37 00000033 DEC1                    	faddp ST1,ST0
    38                                  	;fincstp
    39                                  	
    40 00000035 EBE7                    	jmp incremento
    41                                  
    42                                  salir:
    43 00000037 BB00000000              	mov ebx,0
    44 0000003C B801000000              	mov eax,1
    45 00000041 CD80                    	int 0x80
    46                                  	
